{"/Users/tejesh/Documents/personal-projects/fullstackopen/part5/blog/client/src/App.jsx": {"path":"/Users/tejesh/Documents/personal-projects/fullstackopen/part5/blog/client/src/App.jsx","statementMap":{"0":{"start":{"line":10,"column":20},"end":{"line":10,"column":37}},"1":{"start":{"line":12,"column":12},"end":{"line":165,"column":1}},"2":{"start":{"line":13,"column":28},"end":{"line":13,"column":40}},"3":{"start":{"line":14,"column":34},"end":{"line":14,"column":46}},"4":{"start":{"line":15,"column":34},"end":{"line":15,"column":46}},"5":{"start":{"line":16,"column":26},"end":{"line":16,"column":40}},"6":{"start":{"line":17,"column":56},"end":{"line":20,"column":4}},"7":{"start":{"line":22,"column":2},"end":{"line":30,"column":9}},"8":{"start":{"line":23,"column":27},"end":{"line":23,"column":68}},"9":{"start":{"line":25,"column":4},"end":{"line":29,"column":5}},"10":{"start":{"line":26,"column":23},"end":{"line":26,"column":49}},"11":{"start":{"line":27,"column":6},"end":{"line":27,"column":24}},"12":{"start":{"line":28,"column":6},"end":{"line":28,"column":43}},"13":{"start":{"line":32,"column":2},"end":{"line":34,"column":13}},"14":{"start":{"line":33,"column":4},"end":{"line":33,"column":62}},"15":{"start":{"line":33,"column":45},"end":{"line":33,"column":60}},"16":{"start":{"line":36,"column":22},"end":{"line":54,"column":3}},"17":{"start":{"line":37,"column":4},"end":{"line":37,"column":27}},"18":{"start":{"line":38,"column":4},"end":{"line":53,"column":5}},"19":{"start":{"line":39,"column":25},"end":{"line":39,"column":73}},"20":{"start":{"line":40,"column":6},"end":{"line":40,"column":76}},"21":{"start":{"line":42,"column":6},"end":{"line":42,"column":26}},"22":{"start":{"line":43,"column":6},"end":{"line":43,"column":22}},"23":{"start":{"line":44,"column":6},"end":{"line":44,"column":22}},"24":{"start":{"line":46,"column":6},"end":{"line":49,"column":9}},"25":{"start":{"line":50,"column":6},"end":{"line":52,"column":15}},"26":{"start":{"line":51,"column":8},"end":{"line":51,"column":35}},"27":{"start":{"line":56,"column":21},"end":{"line":75,"column":3}},"28":{"start":{"line":57,"column":4},"end":{"line":74,"column":5}},"29":{"start":{"line":58,"column":26},"end":{"line":58,"column":68}},"30":{"start":{"line":59,"column":6},"end":{"line":62,"column":9}},"31":{"start":{"line":63,"column":6},"end":{"line":65,"column":8}},"32":{"start":{"line":64,"column":29},"end":{"line":64,"column":74}},"33":{"start":{"line":66,"column":6},"end":{"line":68,"column":15}},"34":{"start":{"line":67,"column":8},"end":{"line":67,"column":35}},"35":{"start":{"line":70,"column":6},"end":{"line":73,"column":9}},"36":{"start":{"line":77,"column":23},"end":{"line":80,"column":3}},"37":{"start":{"line":78,"column":4},"end":{"line":78,"column":18}},"38":{"start":{"line":79,"column":4},"end":{"line":79,"column":32}},"39":{"start":{"line":82,"column":29},"end":{"line":94,"column":3}},"40":{"start":{"line":83,"column":4},"end":{"line":83,"column":43}},"41":{"start":{"line":84,"column":20},"end":{"line":84,"column":52}},"42":{"start":{"line":86,"column":4},"end":{"line":86,"column":36}},"43":{"start":{"line":87,"column":4},"end":{"line":90,"column":7}},"44":{"start":{"line":91,"column":4},"end":{"line":93,"column":13}},"45":{"start":{"line":92,"column":6},"end":{"line":92,"column":33}},"46":{"start":{"line":96,"column":18},"end":{"line":96,"column":49}},"47":{"start":{"line":96,"column":30},"end":{"line":96,"column":49}},"48":{"start":{"line":98,"column":21},"end":{"line":121,"column":3}},"49":{"start":{"line":99,"column":4},"end":{"line":120,"column":5}},"50":{"start":{"line":100,"column":6},"end":{"line":119,"column":7}},"51":{"start":{"line":101,"column":28},"end":{"line":101,"column":62}},"52":{"start":{"line":102,"column":8},"end":{"line":102,"column":33}},"53":{"start":{"line":103,"column":8},"end":{"line":103,"column":69}},"54":{"start":{"line":103,"column":40},"end":{"line":103,"column":66}},"55":{"start":{"line":104,"column":8},"end":{"line":107,"column":11}},"56":{"start":{"line":108,"column":8},"end":{"line":110,"column":17}},"57":{"start":{"line":109,"column":10},"end":{"line":109,"column":37}},"58":{"start":{"line":112,"column":8},"end":{"line":115,"column":11}},"59":{"start":{"line":116,"column":8},"end":{"line":118,"column":17}},"60":{"start":{"line":117,"column":10},"end":{"line":117,"column":37}},"61":{"start":{"line":123,"column":2},"end":{"line":164,"column":4}},"62":{"start":{"line":133,"column":14},"end":{"line":133,"column":40}},"63":{"start":{"line":136,"column":14},"end":{"line":136,"column":40}},"64":{"start":{"line":153,"column":14},"end":{"line":158,"column":16}}},"fnMap":{"0":{"name":"(anonymous_0)","decl":{"start":{"line":12,"column":12},"end":{"line":12,"column":13}},"loc":{"start":{"line":12,"column":18},"end":{"line":165,"column":1}},"line":12},"1":{"name":"(anonymous_1)","decl":{"start":{"line":22,"column":12},"end":{"line":22,"column":13}},"loc":{"start":{"line":22,"column":18},"end":{"line":30,"column":3}},"line":22},"2":{"name":"(anonymous_2)","decl":{"start":{"line":32,"column":12},"end":{"line":32,"column":13}},"loc":{"start":{"line":32,"column":18},"end":{"line":34,"column":3}},"line":32},"3":{"name":"(anonymous_3)","decl":{"start":{"line":33,"column":34},"end":{"line":33,"column":35}},"loc":{"start":{"line":33,"column":45},"end":{"line":33,"column":60}},"line":33},"4":{"name":"(anonymous_4)","decl":{"start":{"line":36,"column":22},"end":{"line":36,"column":23}},"loc":{"start":{"line":36,"column":39},"end":{"line":54,"column":3}},"line":36},"5":{"name":"(anonymous_5)","decl":{"start":{"line":50,"column":17},"end":{"line":50,"column":18}},"loc":{"start":{"line":50,"column":23},"end":{"line":52,"column":7}},"line":50},"6":{"name":"(anonymous_6)","decl":{"start":{"line":56,"column":21},"end":{"line":56,"column":22}},"loc":{"start":{"line":56,"column":45},"end":{"line":75,"column":3}},"line":56},"7":{"name":"(anonymous_7)","decl":{"start":{"line":64,"column":18},"end":{"line":64,"column":19}},"loc":{"start":{"line":64,"column":29},"end":{"line":64,"column":74}},"line":64},"8":{"name":"(anonymous_8)","decl":{"start":{"line":66,"column":17},"end":{"line":66,"column":18}},"loc":{"start":{"line":66,"column":23},"end":{"line":68,"column":7}},"line":66},"9":{"name":"(anonymous_9)","decl":{"start":{"line":77,"column":23},"end":{"line":77,"column":24}},"loc":{"start":{"line":77,"column":29},"end":{"line":80,"column":3}},"line":77},"10":{"name":"(anonymous_10)","decl":{"start":{"line":82,"column":29},"end":{"line":82,"column":30}},"loc":{"start":{"line":82,"column":45},"end":{"line":94,"column":3}},"line":82},"11":{"name":"(anonymous_11)","decl":{"start":{"line":91,"column":15},"end":{"line":91,"column":16}},"loc":{"start":{"line":91,"column":21},"end":{"line":93,"column":5}},"line":91},"12":{"name":"(anonymous_12)","decl":{"start":{"line":96,"column":18},"end":{"line":96,"column":19}},"loc":{"start":{"line":96,"column":30},"end":{"line":96,"column":49}},"line":96},"13":{"name":"(anonymous_13)","decl":{"start":{"line":98,"column":21},"end":{"line":98,"column":22}},"loc":{"start":{"line":98,"column":37},"end":{"line":121,"column":3}},"line":98},"14":{"name":"(anonymous_14)","decl":{"start":{"line":103,"column":30},"end":{"line":103,"column":31}},"loc":{"start":{"line":103,"column":40},"end":{"line":103,"column":66}},"line":103},"15":{"name":"(anonymous_15)","decl":{"start":{"line":108,"column":19},"end":{"line":108,"column":20}},"loc":{"start":{"line":108,"column":25},"end":{"line":110,"column":9}},"line":108},"16":{"name":"(anonymous_16)","decl":{"start":{"line":116,"column":19},"end":{"line":116,"column":20}},"loc":{"start":{"line":116,"column":25},"end":{"line":118,"column":9}},"line":116},"17":{"name":"(anonymous_17)","decl":{"start":{"line":132,"column":34},"end":{"line":132,"column":35}},"loc":{"start":{"line":132,"column":50},"end":{"line":134,"column":13}},"line":132},"18":{"name":"(anonymous_18)","decl":{"start":{"line":135,"column":34},"end":{"line":135,"column":35}},"loc":{"start":{"line":135,"column":50},"end":{"line":137,"column":13}},"line":135},"19":{"name":"(anonymous_19)","decl":{"start":{"line":152,"column":37},"end":{"line":152,"column":38}},"loc":{"start":{"line":153,"column":14},"end":{"line":158,"column":16}},"line":153}},"branchMap":{"0":{"loc":{"start":{"line":25,"column":4},"end":{"line":29,"column":5}},"type":"if","locations":[{"start":{"line":25,"column":4},"end":{"line":29,"column":5}},{"start":{},"end":{}}],"line":25},"1":{"loc":{"start":{"line":64,"column":29},"end":{"line":64,"column":74}},"type":"cond-expr","locations":[{"start":{"line":64,"column":57},"end":{"line":64,"column":61}},{"start":{"line":64,"column":64},"end":{"line":64,"column":74}}],"line":64},"2":{"loc":{"start":{"line":99,"column":4},"end":{"line":120,"column":5}},"type":"if","locations":[{"start":{"line":99,"column":4},"end":{"line":120,"column":5}},{"start":{},"end":{}}],"line":99},"3":{"loc":{"start":{"line":126,"column":7},"end":{"line":162,"column":7}},"type":"cond-expr","locations":[{"start":{"line":127,"column":8},"end":{"line":139,"column":11}},{"start":{"line":141,"column":8},"end":{"line":161,"column":11}}],"line":126}},"s":{"0":0,"1":0,"2":0,"3":0,"4":0,"5":0,"6":0,"7":0,"8":0,"9":0,"10":0,"11":0,"12":0,"13":0,"14":0,"15":0,"16":0,"17":0,"18":0,"19":0,"20":0,"21":0,"22":0,"23":0,"24":0,"25":0,"26":0,"27":0,"28":0,"29":0,"30":0,"31":0,"32":0,"33":0,"34":0,"35":0,"36":0,"37":0,"38":0,"39":0,"40":0,"41":0,"42":0,"43":0,"44":0,"45":0,"46":0,"47":0,"48":0,"49":0,"50":0,"51":0,"52":0,"53":0,"54":0,"55":0,"56":0,"57":0,"58":0,"59":0,"60":0,"61":0,"62":0,"63":0,"64":0},"f":{"0":0,"1":0,"2":0,"3":0,"4":0,"5":0,"6":0,"7":0,"8":0,"9":0,"10":0,"11":0,"12":0,"13":0,"14":0,"15":0,"16":0,"17":0,"18":0,"19":0},"b":{"0":[0,0],"1":[0,0],"2":[0,0],"3":[0,0]}}
,"/Users/tejesh/Documents/personal-projects/fullstackopen/part5/blog/client/src/main.jsx": {"path":"/Users/tejesh/Documents/personal-projects/fullstackopen/part5/blog/client/src/main.jsx","statementMap":{"0":{"start":{"line":5,"column":0},"end":{"line":5,"column":69}}},"fnMap":{},"branchMap":{},"s":{"0":0},"f":{},"b":{}}
,"/Users/tejesh/Documents/personal-projects/fullstackopen/part5/blog/client/src/components/Blog.jsx": {"path":"/Users/tejesh/Documents/personal-projects/fullstackopen/part5/blog/client/src/components/Blog.jsx","statementMap":{"0":{"start":{"line":3,"column":13},"end":{"line":53,"column":1}},"1":{"start":{"line":4,"column":15},"end":{"line":4,"column":25}},"2":{"start":{"line":5,"column":32},"end":{"line":5,"column":47}},"3":{"start":{"line":6,"column":22},"end":{"line":6,"column":47}},"4":{"start":{"line":7,"column":26},"end":{"line":7,"column":60}},"5":{"start":{"line":8,"column":38},"end":{"line":8,"column":52}},"6":{"start":{"line":10,"column":20},"end":{"line":16,"column":3}},"7":{"start":{"line":18,"column":28},"end":{"line":23,"column":3}},"8":{"start":{"line":19,"column":20},"end":{"line":19,"column":66}},"9":{"start":{"line":20,"column":4},"end":{"line":20,"column":30}},"10":{"start":{"line":22,"column":4},"end":{"line":22,"column":27}},"11":{"start":{"line":25,"column":21},"end":{"line":27,"column":3}},"12":{"start":{"line":26,"column":4},"end":{"line":26,"column":33}},"13":{"start":{"line":29,"column":2},"end":{"line":52,"column":4}},"14":{"start":{"line":36,"column":14},"end":{"line":36,"column":35}}},"fnMap":{"0":{"name":"(anonymous_0)","decl":{"start":{"line":3,"column":13},"end":{"line":3,"column":14}},"loc":{"start":{"line":3,"column":24},"end":{"line":53,"column":1}},"line":3},"1":{"name":"(anonymous_1)","decl":{"start":{"line":18,"column":28},"end":{"line":18,"column":29}},"loc":{"start":{"line":18,"column":34},"end":{"line":23,"column":3}},"line":18},"2":{"name":"(anonymous_2)","decl":{"start":{"line":25,"column":21},"end":{"line":25,"column":22}},"loc":{"start":{"line":25,"column":27},"end":{"line":27,"column":3}},"line":25},"3":{"name":"(anonymous_3)","decl":{"start":{"line":35,"column":21},"end":{"line":35,"column":22}},"loc":{"start":{"line":35,"column":27},"end":{"line":37,"column":13}},"line":35}},"branchMap":{"0":{"loc":{"start":{"line":6,"column":22},"end":{"line":6,"column":47}},"type":"cond-expr","locations":[{"start":{"line":6,"column":32},"end":{"line":6,"column":38}},{"start":{"line":6,"column":41},"end":{"line":6,"column":47}}],"line":6},"1":{"loc":{"start":{"line":7,"column":37},"end":{"line":7,"column":58}},"type":"cond-expr","locations":[{"start":{"line":7,"column":47},"end":{"line":7,"column":49}},{"start":{"line":7,"column":52},"end":{"line":7,"column":58}}],"line":7}},"s":{"0":1,"1":6,"2":6,"3":6,"4":6,"5":6,"6":6,"7":6,"8":2,"9":2,"10":2,"11":6,"12":0,"13":6,"14":1},"f":{"0":6,"1":2,"2":0,"3":1},"b":{"0":[1,5],"1":[1,5]},"_coverageSchema":"1a1c01bbd47fc00a2c39e90264f33305004495a9","hash":"bc4063586b2ba141237a22b1f516de4a74d03ee7"}
,"/Users/tejesh/Documents/personal-projects/fullstackopen/part5/blog/client/src/components/BlogForm.jsx": {"path":"/Users/tejesh/Documents/personal-projects/fullstackopen/part5/blog/client/src/components/BlogForm.jsx","statementMap":{"0":{"start":{"line":3,"column":17},"end":{"line":62,"column":1}},"1":{"start":{"line":4,"column":28},"end":{"line":4,"column":40}},"2":{"start":{"line":5,"column":30},"end":{"line":5,"column":42}},"3":{"start":{"line":6,"column":24},"end":{"line":6,"column":36}},"4":{"start":{"line":8,"column":28},"end":{"line":10,"column":3}},"5":{"start":{"line":9,"column":4},"end":{"line":9,"column":33}},"6":{"start":{"line":12,"column":29},"end":{"line":14,"column":3}},"7":{"start":{"line":13,"column":4},"end":{"line":13,"column":34}},"8":{"start":{"line":15,"column":26},"end":{"line":17,"column":3}},"9":{"start":{"line":16,"column":4},"end":{"line":16,"column":31}},"10":{"start":{"line":19,"column":18},"end":{"line":25,"column":3}},"11":{"start":{"line":20,"column":4},"end":{"line":20,"column":27}},"12":{"start":{"line":21,"column":4},"end":{"line":21,"column":73}},"13":{"start":{"line":22,"column":4},"end":{"line":22,"column":17}},"14":{"start":{"line":23,"column":4},"end":{"line":23,"column":18}},"15":{"start":{"line":24,"column":4},"end":{"line":24,"column":15}},"16":{"start":{"line":27,"column":2},"end":{"line":61,"column":4}}},"fnMap":{"0":{"name":"(anonymous_0)","decl":{"start":{"line":3,"column":17},"end":{"line":3,"column":18}},"loc":{"start":{"line":3,"column":28},"end":{"line":62,"column":1}},"line":3},"1":{"name":"(anonymous_1)","decl":{"start":{"line":8,"column":28},"end":{"line":8,"column":29}},"loc":{"start":{"line":8,"column":39},"end":{"line":10,"column":3}},"line":8},"2":{"name":"(anonymous_2)","decl":{"start":{"line":12,"column":29},"end":{"line":12,"column":30}},"loc":{"start":{"line":12,"column":40},"end":{"line":14,"column":3}},"line":12},"3":{"name":"(anonymous_3)","decl":{"start":{"line":15,"column":26},"end":{"line":15,"column":27}},"loc":{"start":{"line":15,"column":37},"end":{"line":17,"column":3}},"line":15},"4":{"name":"(anonymous_4)","decl":{"start":{"line":19,"column":18},"end":{"line":19,"column":19}},"loc":{"start":{"line":19,"column":29},"end":{"line":25,"column":3}},"line":19}},"branchMap":{},"s":{"0":1,"1":5,"2":5,"3":5,"4":5,"5":1,"6":5,"7":1,"8":5,"9":1,"10":5,"11":1,"12":1,"13":1,"14":1,"15":1,"16":5},"f":{"0":5,"1":1,"2":1,"3":1,"4":1},"b":{},"_coverageSchema":"1a1c01bbd47fc00a2c39e90264f33305004495a9","hash":"f519da29571329b1ac42efdccdba71f7ae50d498"}
,"/Users/tejesh/Documents/personal-projects/fullstackopen/part5/blog/client/src/components/Login.jsx": {"path":"/Users/tejesh/Documents/personal-projects/fullstackopen/part5/blog/client/src/components/Login.jsx","statementMap":{"0":{"start":{"line":4,"column":14},"end":{"line":32,"column":1}},"1":{"start":{"line":5,"column":2},"end":{"line":31,"column":4}},"2":{"start":{"line":34,"column":0},"end":{"line":40,"column":2}}},"fnMap":{"0":{"name":"(anonymous_0)","decl":{"start":{"line":4,"column":14},"end":{"line":4,"column":15}},"loc":{"start":{"line":4,"column":25},"end":{"line":32,"column":1}},"line":4}},"branchMap":{},"s":{"0":0,"1":0,"2":0},"f":{"0":0},"b":{}}
,"/Users/tejesh/Documents/personal-projects/fullstackopen/part5/blog/client/src/components/Notification.jsx": {"path":"/Users/tejesh/Documents/personal-projects/fullstackopen/part5/blog/client/src/components/Notification.jsx","statementMap":{"0":{"start":{"line":3,"column":21},"end":{"line":13,"column":1}},"1":{"start":{"line":4,"column":2},"end":{"line":12,"column":3}},"2":{"start":{"line":5,"column":4},"end":{"line":5,"column":17}},"3":{"start":{"line":7,"column":4},"end":{"line":11,"column":6}}},"fnMap":{"0":{"name":"(anonymous_0)","decl":{"start":{"line":3,"column":21},"end":{"line":3,"column":22}},"loc":{"start":{"line":3,"column":50},"end":{"line":13,"column":1}},"line":3}},"branchMap":{"0":{"loc":{"start":{"line":4,"column":2},"end":{"line":12,"column":3}},"type":"if","locations":[{"start":{"line":4,"column":2},"end":{"line":12,"column":3}},{"start":{"line":6,"column":9},"end":{"line":12,"column":3}}],"line":4}},"s":{"0":0,"1":0,"2":0,"3":0},"f":{"0":0},"b":{"0":[0,0]}}
,"/Users/tejesh/Documents/personal-projects/fullstackopen/part5/blog/client/src/components/Togglable.jsx": {"path":"/Users/tejesh/Documents/personal-projects/fullstackopen/part5/blog/client/src/components/Togglable.jsx","statementMap":{"0":{"start":{"line":4,"column":18},"end":{"line":29,"column":2}},"1":{"start":{"line":5,"column":32},"end":{"line":5,"column":47}},"2":{"start":{"line":7,"column":26},"end":{"line":7,"column":60}},"3":{"start":{"line":8,"column":26},"end":{"line":8,"column":60}},"4":{"start":{"line":10,"column":27},"end":{"line":12,"column":3}},"5":{"start":{"line":11,"column":4},"end":{"line":11,"column":25}},"6":{"start":{"line":14,"column":2},"end":{"line":16,"column":5}},"7":{"start":{"line":15,"column":4},"end":{"line":15,"column":32}},"8":{"start":{"line":18,"column":2},"end":{"line":28,"column":4}},"9":{"start":{"line":31,"column":0},"end":{"line":31,"column":36}},"10":{"start":{"line":33,"column":0},"end":{"line":33,"column":67}}},"fnMap":{"0":{"name":"(anonymous_0)","decl":{"start":{"line":4,"column":35},"end":{"line":4,"column":36}},"loc":{"start":{"line":4,"column":51},"end":{"line":29,"column":1}},"line":4},"1":{"name":"(anonymous_1)","decl":{"start":{"line":10,"column":27},"end":{"line":10,"column":28}},"loc":{"start":{"line":10,"column":33},"end":{"line":12,"column":3}},"line":10},"2":{"name":"(anonymous_2)","decl":{"start":{"line":14,"column":27},"end":{"line":14,"column":28}},"loc":{"start":{"line":14,"column":33},"end":{"line":16,"column":3}},"line":14}},"branchMap":{"0":{"loc":{"start":{"line":7,"column":37},"end":{"line":7,"column":58}},"type":"cond-expr","locations":[{"start":{"line":7,"column":47},"end":{"line":7,"column":53}},{"start":{"line":7,"column":56},"end":{"line":7,"column":58}}],"line":7},"1":{"loc":{"start":{"line":8,"column":37},"end":{"line":8,"column":58}},"type":"cond-expr","locations":[{"start":{"line":8,"column":47},"end":{"line":8,"column":49}},{"start":{"line":8,"column":52},"end":{"line":8,"column":58}}],"line":8}},"s":{"0":0,"1":0,"2":0,"3":0,"4":0,"5":0,"6":0,"7":0,"8":0,"9":0,"10":0},"f":{"0":0,"1":0,"2":0},"b":{"0":[0,0],"1":[0,0]}}
,"/Users/tejesh/Documents/personal-projects/fullstackopen/part5/blog/client/src/services/blogs.js": {"path":"/Users/tejesh/Documents/personal-projects/fullstackopen/part5/blog/client/src/services/blogs.js","statementMap":{"0":{"start":{"line":2,"column":16},"end":{"line":2,"column":50}},"1":{"start":{"line":3,"column":12},"end":{"line":3,"column":16}},"2":{"start":{"line":5,"column":17},"end":{"line":7,"column":1}},"3":{"start":{"line":6,"column":2},"end":{"line":6,"column":31}},"4":{"start":{"line":9,"column":15},"end":{"line":18,"column":1}},"5":{"start":{"line":10,"column":2},"end":{"line":12,"column":3}},"6":{"start":{"line":11,"column":4},"end":{"line":11,"column":14}},"7":{"start":{"line":13,"column":2},"end":{"line":13,"column":23}},"8":{"start":{"line":14,"column":17},"end":{"line":14,"column":54}},"9":{"start":{"line":15,"column":19},"end":{"line":15,"column":51}},"10":{"start":{"line":17,"column":2},"end":{"line":17,"column":23}},"11":{"start":{"line":20,"column":17},"end":{"line":24,"column":1}},"12":{"start":{"line":21,"column":17},"end":{"line":21,"column":54}},"13":{"start":{"line":22,"column":19},"end":{"line":22,"column":58}},"14":{"start":{"line":23,"column":2},"end":{"line":23,"column":23}},"15":{"start":{"line":26,"column":19},"end":{"line":30,"column":1}},"16":{"start":{"line":27,"column":17},"end":{"line":27,"column":54}},"17":{"start":{"line":28,"column":19},"end":{"line":28,"column":72}},"18":{"start":{"line":29,"column":2},"end":{"line":29,"column":23}},"19":{"start":{"line":32,"column":19},"end":{"line":36,"column":1}},"20":{"start":{"line":33,"column":17},"end":{"line":33,"column":54}},"21":{"start":{"line":34,"column":19},"end":{"line":34,"column":69}},"22":{"start":{"line":35,"column":2},"end":{"line":35,"column":23}}},"fnMap":{"0":{"name":"(anonymous_0)","decl":{"start":{"line":5,"column":17},"end":{"line":5,"column":18}},"loc":{"start":{"line":5,"column":31},"end":{"line":7,"column":1}},"line":5},"1":{"name":"(anonymous_1)","decl":{"start":{"line":9,"column":15},"end":{"line":9,"column":16}},"loc":{"start":{"line":9,"column":31},"end":{"line":18,"column":1}},"line":9},"2":{"name":"(anonymous_2)","decl":{"start":{"line":20,"column":17},"end":{"line":20,"column":18}},"loc":{"start":{"line":20,"column":33},"end":{"line":24,"column":1}},"line":20},"3":{"name":"(anonymous_3)","decl":{"start":{"line":26,"column":19},"end":{"line":26,"column":20}},"loc":{"start":{"line":26,"column":35},"end":{"line":30,"column":1}},"line":26},"4":{"name":"(anonymous_4)","decl":{"start":{"line":32,"column":19},"end":{"line":32,"column":20}},"loc":{"start":{"line":32,"column":35},"end":{"line":36,"column":1}},"line":32}},"branchMap":{"0":{"loc":{"start":{"line":10,"column":2},"end":{"line":12,"column":3}},"type":"if","locations":[{"start":{"line":10,"column":2},"end":{"line":12,"column":3}},{"start":{},"end":{}}],"line":10}},"s":{"0":0,"1":0,"2":0,"3":0,"4":0,"5":0,"6":0,"7":0,"8":0,"9":0,"10":0,"11":0,"12":0,"13":0,"14":0,"15":0,"16":0,"17":0,"18":0,"19":0,"20":0,"21":0,"22":0},"f":{"0":0,"1":0,"2":0,"3":0,"4":0},"b":{"0":[0,0]}}
,"/Users/tejesh/Documents/personal-projects/fullstackopen/part5/blog/client/src/services/login.js": {"path":"/Users/tejesh/Documents/personal-projects/fullstackopen/part5/blog/client/src/services/login.js","statementMap":{"0":{"start":{"line":2,"column":16},"end":{"line":2,"column":50}},"1":{"start":{"line":4,"column":14},"end":{"line":7,"column":1}},"2":{"start":{"line":5,"column":19},"end":{"line":5,"column":57}},"3":{"start":{"line":6,"column":2},"end":{"line":6,"column":23}}},"fnMap":{"0":{"name":"(anonymous_0)","decl":{"start":{"line":4,"column":14},"end":{"line":4,"column":15}},"loc":{"start":{"line":4,"column":37},"end":{"line":7,"column":1}},"line":4}},"branchMap":{},"s":{"0":0,"1":0,"2":0,"3":0},"f":{"0":0},"b":{}}
}
